<?xml version="1.0" encoding="UTF-8"?>
<!-- Generated by org.testng.reporters.JUnitReportReporter -->
<testsuite hostname="LAPTOP-4MRSMTU3" failures="0" tests="4" name="firstprojectt.test" time="12.457" errors="0" timestamp="2024-10-31T19:21:09 EET" skipped="3">
  <testcase classname="firstprojectt.test" name="addtocart" time="12.457"/>
  <system-out/>
  <testcase classname="firstprojectt.test" name="signup">
    <skipped/>
  </testcase> <!-- signup -->
  <system-out/>
  <testcase classname="firstprojectt.test" name="login">
    <skipped/>
  </testcase> <!-- login -->
  <system-out/>
  <testcase classname="firstprojectt.test" name="logout">
    <skipped/>
  </testcase> <!-- logout -->
  <system-out/>
</testsuite> <!-- firstprojectt.test -->
